<?xml version="1.0" encoding="UTF-8"?><testsuite errors="1" failures="0" name="Consultar politicas de tratemiento y proteccion de datos personales de proveedores" skipped="0" tests="1" time="69.14" timestamp="2021-05-10 10:18:03"><testcase name="Consulta exitosa del archivo politicas de tratemiento y proteccion de datos personales de proveedores."><error message="net.serenitybdd.screenplay.targets.TargetResolver.find([Lorg/openqa/selenium/By;)Lnet/serenitybdd/core/pages/WebElementFacade;" type="java.lang.NoSuchMethodError">net.serenitybdd.screenplay.targets.TargetResolver.find([Lorg/openqa/selenium/By;)Lnet/serenitybdd/core/pages/WebElementFacade;</error><system-err>net.serenitybdd.screenplay.targets.TargetResolver.find([Lorg/openqa/selenium/By;)Lnet/serenitybdd/core/pages/WebElementFacade;&#13;
co.com.certificacion.tasks.IngresarIAInformacionCorporativa.performAs(IngresarIAInformacionCorporativa.java:16)&#13;
co.com.certificacion.stepdefinitions.TratamientoDatosProveedorStepDefinition.queElProveedorSeEncuentraDentroDeInformacionCorporativaDelPortalWeb(TratamientoDatosProveedorStepDefinition.java:14)&#13;
cucumber.runner.Runner.runPickle(Runner.java:80)&#13;
</system-err></testcase></testsuite>